<?xml version="1.0" encoding="UTF-8"?>
<!-- Generated by org.testng.reporters.JUnitReportReporter -->
<testsuite hostname="TILLT03819" failures="0" tests="1" name="com.ETCSWEB.qa.testcases.MediaPageTest" time="13.521" errors="0" timestamp="2021-01-07T16:46:32 IST" skipped="0">
  <testcase classname="com.ETCSWEB.qa.testcases.MediaPageTest" name="verifyLoadMoreButton" time="13.521"/>
  <system-out/>
</testsuite> <!-- com.ETCSWEB.qa.testcases.MediaPageTest -->
