<?xml version="1.0" encoding="UTF-8"?>
<!-- Generated by org.testng.reporters.JUnitReportReporter -->
<testsuite hostname="TILLT03819" failures="0" tests="3" name="com.ETCSWEB.qa.testcases.JuryPanelTest" time="33.316" errors="0" timestamp="2021-02-02T22:10:30 IST" skipped="0">
  <testcase classname="com.ETCSWEB.qa.testcases.JuryPanelTest" name="verifyJuryDesignation" time="10.465"/>
  <system-out/>
  <testcase classname="com.ETCSWEB.qa.testcases.JuryPanelTest" name="verifyJuryImages" time="11.521"/>
  <system-out/>
  <testcase classname="com.ETCSWEB.qa.testcases.JuryPanelTest" name="verifyJuryName" time="11.330"/>
  <system-out/>
</testsuite> <!-- com.ETCSWEB.qa.testcases.JuryPanelTest -->
