<?xml version="1.0" encoding="UTF-8"?>
<!-- Generated by org.testng.reporters.JUnitReportReporter -->
<testsuite hostname="TILLT03819" failures="0" tests="3" name="com.ETCSWEB.qa.testcases.ContactUsTest" time="37.269" errors="0" timestamp="2021-02-04T22:46:11 IST" skipped="0">
  <testcase classname="com.ETCSWEB.qa.testcases.ContactUsTest" name="verifyErrorMessage" time="12.262"/>
  <system-out/>
  <testcase classname="com.ETCSWEB.qa.testcases.ContactUsTest" name="verifyFormErrorMesages" time="13.740"/>
  <system-out/>
  <testcase classname="com.ETCSWEB.qa.testcases.ContactUsTest" name="verifyFields" time="11.267"/>
  <system-out/>
</testsuite> <!-- com.ETCSWEB.qa.testcases.ContactUsTest -->
