<?xml version="1.0" encoding="UTF-8"?>
<!-- Generated by org.testng.reporters.JUnitReportReporter -->
<testsuite hostname="TILLT03819" failures="0" tests="1" name="com.ETCSWEB.qa.testcases.PastEditionTest" time="12.256" errors="0" timestamp="2021-02-24T22:34:22 IST" skipped="0">
  <testcase classname="com.ETCSWEB.qa.testcases.PastEditionTest" name="verifyEdition201920" time="12.256"/>
  <system-out/>
</testsuite> <!-- com.ETCSWEB.qa.testcases.PastEditionTest -->
