<?xml version="1.0" encoding="UTF-8"?>
<!-- Generated by org.testng.reporters.JUnitReportReporter -->
<testsuite hostname="TILLT03819" failures="0" tests="1" name="com.ETCSWEB.qa.testcases.HaderPageTest" time="13.666" errors="0" timestamp="2021-02-20T20:18:27 IST" skipped="0">
  <testcase classname="com.ETCSWEB.qa.testcases.HaderPageTest" name="verifyStructureLink" time="13.666"/>
  <system-out/>
</testsuite> <!-- com.ETCSWEB.qa.testcases.HaderPageTest -->
