<?xml version="1.0" encoding="UTF-8"?>
<!-- Generated by org.testng.reporters.JUnitReportReporter -->
<testsuite hostname="TILLT03819" failures="0" tests="9" name="com.ETCSWEB.qa.testcases.footerTest" time="144.765" errors="0" timestamp="2021-01-26T21:09:07 IST" skipped="0">
  <testcase classname="com.ETCSWEB.qa.testcases.footerTest" name="verifyJuryPanellink" time="13.740"/>
  <system-out/>
  <testcase classname="com.ETCSWEB.qa.testcases.footerTest" name="verifyProgramStructurelink" time="13.409"/>
  <system-out/>
  <testcase classname="com.ETCSWEB.qa.testcases.footerTest" name="verifyLinkedinlink" time="16.739"/>
  <system-out/>
  <testcase classname="com.ETCSWEB.qa.testcases.footerTest" name="verifyInstgarmlink" time="17.928"/>
  <system-out/>
  <testcase classname="com.ETCSWEB.qa.testcases.footerTest" name="verifyAboutUslink" time="15.145"/>
  <system-out/>
  <testcase classname="com.ETCSWEB.qa.testcases.footerTest" name="verifyContactUslink" time="14.556"/>
  <system-out/>
  <testcase classname="com.ETCSWEB.qa.testcases.footerTest" name="verifyFacebooklink" time="22.042"/>
  <system-out/>
  <testcase classname="com.ETCSWEB.qa.testcases.footerTest" name="verifyFaqlink" time="16.143"/>
  <system-out/>
  <testcase classname="com.ETCSWEB.qa.testcases.footerTest" name="verifyTwitterlink" time="15.063"/>
  <system-out/>
</testsuite> <!-- com.ETCSWEB.qa.testcases.footerTest -->
