<?xml version="1.0" encoding="UTF-8"?>
<!-- Generated by org.testng.reporters.JUnitReportReporter -->
<testsuite hostname="TILLT03819" failures="0" tests="1" name="com.ETCSWEB.qa.testcases.ProgrameStructureTest" time="12.067" errors="0" timestamp="2021-02-20T22:04:36 IST" skipped="0">
  <testcase classname="com.ETCSWEB.qa.testcases.ProgrameStructureTest" name="verifyTitle" time="12.067"/>
  <system-out/>
</testsuite> <!-- com.ETCSWEB.qa.testcases.ProgrameStructureTest -->
