<?xml version="1.0" encoding="UTF-8"?>
<!-- Generated by org.testng.reporters.JUnitReportReporter -->
<testsuite hostname="TILLT03819" failures="0" tests="2" name="com.ETCSWEB.qa.testcases.AboutUsTest" time="24.606" errors="0" timestamp="2021-02-03T22:43:16 IST" skipped="0">
  <testcase classname="com.ETCSWEB.qa.testcases.AboutUsTest" name="verifyYoutubEmbed" time="11.467"/>
  <system-out/>
  <testcase classname="com.ETCSWEB.qa.testcases.AboutUsTest" name="verifyPageTitle" time="13.139"/>
  <system-out/>
</testsuite> <!-- com.ETCSWEB.qa.testcases.AboutUsTest -->
