<?xml version="1.0" encoding="UTF-8"?>
<!-- Generated by org.testng.reporters.JUnitReportReporter -->
<testsuite hostname="TILLT03819" failures="0" tests="9" name="com.ETCSWEB.qa.testcases.HomePageTest" time="117.515" errors="0" timestamp="2021-01-07T16:46:32 IST" skipped="0">
  <testcase classname="com.ETCSWEB.qa.testcases.HomePageTest" name="verifyTermsConditionLink" time="12.706"/>
  <system-out/>
  <testcase classname="com.ETCSWEB.qa.testcases.HomePageTest" name="verifyEmailid" time="14.984"/>
  <system-out/>
  <testcase classname="com.ETCSWEB.qa.testcases.HomePageTest" name="clickName" time="12.008"/>
  <system-out/>
  <testcase classname="com.ETCSWEB.qa.testcases.HomePageTest" name="clickMobileNo" time="15.249"/>
  <system-out/>
  <testcase classname="com.ETCSWEB.qa.testcases.HomePageTest" name="clickOnEmailid" time="10.868"/>
  <system-out/>
  <testcase classname="com.ETCSWEB.qa.testcases.HomePageTest" name="verifyMediaLink" time="12.979"/>
  <system-out/>
  <testcase classname="com.ETCSWEB.qa.testcases.HomePageTest" name="verifyName" time="11.728"/>
  <system-out/>
  <testcase classname="com.ETCSWEB.qa.testcases.HomePageTest" name="clickTermsConditionLink" time="15.345"/>
  <system-out/>
  <testcase classname="com.ETCSWEB.qa.testcases.HomePageTest" name="verifyMobileNo" time="11.648"/>
  <system-out/>
</testsuite> <!-- com.ETCSWEB.qa.testcases.HomePageTest -->
